Analysis & Synthesis report for general-purpose-ALU
Sat Jun 22 09:51:23 2024
Quartus II 64-Bit Version 13.0.1 Build 232 06/12/2013 Service Pack 1 SJ Web Edition


---------------------
; Table of Contents ;
---------------------
  1. Legal Notice
  2. Analysis & Synthesis Summary
  3. Analysis & Synthesis Settings
  4. Parallel Compilation
  5. Analysis & Synthesis Source Files Read
  6. Analysis & Synthesis Resource Usage Summary
  7. Analysis & Synthesis Resource Utilization by Entity
  8. State Machine - |general-purpose-ALU|FSM:inst4|yfsm
  9. Registers Removed During Synthesis
 10. General Register Statistics
 11. Multiplexer Restructuring Statistics (Restructuring Performed)
 12. Elapsed Time Per Partition
 13. Analysis & Synthesis Messages



----------------
; Legal Notice ;
----------------
Copyright (C) 1991-2013 Altera Corporation
Your use of Altera Corporation's design tools, logic functions 
and other software and tools, and its AMPP partner logic 
functions, and any output files from any of the foregoing 
(including device programming or simulation files), and any 
associated documentation or information are expressly subject 
to the terms and conditions of the Altera Program License 
Subscription Agreement, Altera MegaCore Function License 
Agreement, or other applicable license agreement, including, 
without limitation, that your use is for the sole purpose of 
programming logic devices manufactured by Altera and sold by 
Altera or its authorized distributors.  Please refer to the 
applicable agreement for further details.



+--------------------------------------------------------------------------------------+
; Analysis & Synthesis Summary                                                         ;
+------------------------------------+-------------------------------------------------+
; Analysis & Synthesis Status        ; Successful - Sat Jun 22 09:51:23 2024           ;
; Quartus II 64-Bit Version          ; 13.0.1 Build 232 06/12/2013 SP 1 SJ Web Edition ;
; Revision Name                      ; general-purpose-ALU                             ;
; Top-level Entity Name              ; general-purpose-ALU                             ;
; Family                             ; Cyclone II                                      ;
; Total logic elements               ; 143                                             ;
;     Total combinational functions  ; 120                                             ;
;     Dedicated logic registers      ; 37                                              ;
; Total registers                    ; 37                                              ;
; Total pins                         ; 71                                              ;
; Total virtual pins                 ; 0                                               ;
; Total memory bits                  ; 0                                               ;
; Embedded Multiplier 9-bit elements ; 0                                               ;
; Total PLLs                         ; 0                                               ;
+------------------------------------+-------------------------------------------------+


+------------------------------------------------------------------------------------------------------------------------+
; Analysis & Synthesis Settings                                                                                          ;
+----------------------------------------------------------------------------+---------------------+---------------------+
; Option                                                                     ; Setting             ; Default Value       ;
+----------------------------------------------------------------------------+---------------------+---------------------+
; Device                                                                     ; EP2C35F672C6        ;                     ;
; Top-level entity name                                                      ; general-purpose-ALU ; general-purpose-ALU ;
; Family name                                                                ; Cyclone II          ; Cyclone IV GX       ;
; Use smart compilation                                                      ; Off                 ; Off                 ;
; Enable parallel Assembler and TimeQuest Timing Analyzer during compilation ; On                  ; On                  ;
; Enable compact report table                                                ; Off                 ; Off                 ;
; Restructure Multiplexers                                                   ; Auto                ; Auto                ;
; Create Debugging Nodes for IP Cores                                        ; Off                 ; Off                 ;
; Preserve fewer node names                                                  ; On                  ; On                  ;
; Disable OpenCore Plus hardware evaluation                                  ; Off                 ; Off                 ;
; Verilog Version                                                            ; Verilog_2001        ; Verilog_2001        ;
; VHDL Version                                                               ; VHDL_1993           ; VHDL_1993           ;
; State Machine Processing                                                   ; Auto                ; Auto                ;
; Safe State Machine                                                         ; Off                 ; Off                 ;
; Extract Verilog State Machines                                             ; On                  ; On                  ;
; Extract VHDL State Machines                                                ; On                  ; On                  ;
; Ignore Verilog initial constructs                                          ; Off                 ; Off                 ;
; Iteration limit for constant Verilog loops                                 ; 5000                ; 5000                ;
; Iteration limit for non-constant Verilog loops                             ; 250                 ; 250                 ;
; Add Pass-Through Logic to Inferred RAMs                                    ; On                  ; On                  ;
; Infer RAMs from Raw Logic                                                  ; On                  ; On                  ;
; Parallel Synthesis                                                         ; On                  ; On                  ;
; DSP Block Balancing                                                        ; Auto                ; Auto                ;
; NOT Gate Push-Back                                                         ; On                  ; On                  ;
; Power-Up Don't Care                                                        ; On                  ; On                  ;
; Remove Redundant Logic Cells                                               ; Off                 ; Off                 ;
; Remove Duplicate Registers                                                 ; On                  ; On                  ;
; Ignore CARRY Buffers                                                       ; Off                 ; Off                 ;
; Ignore CASCADE Buffers                                                     ; Off                 ; Off                 ;
; Ignore GLOBAL Buffers                                                      ; Off                 ; Off                 ;
; Ignore ROW GLOBAL Buffers                                                  ; Off                 ; Off                 ;
; Ignore LCELL Buffers                                                       ; Off                 ; Off                 ;
; Ignore SOFT Buffers                                                        ; On                  ; On                  ;
; Limit AHDL Integers to 32 Bits                                             ; Off                 ; Off                 ;
; Optimization Technique                                                     ; Balanced            ; Balanced            ;
; Carry Chain Length                                                         ; 70                  ; 70                  ;
; Auto Carry Chains                                                          ; On                  ; On                  ;
; Auto Open-Drain Pins                                                       ; On                  ; On                  ;
; Perform WYSIWYG Primitive Resynthesis                                      ; Off                 ; Off                 ;
; Auto ROM Replacement                                                       ; On                  ; On                  ;
; Auto RAM Replacement                                                       ; On                  ; On                  ;
; Auto Shift Register Replacement                                            ; Auto                ; Auto                ;
; Allow Shift Register Merging across Hierarchies                            ; Auto                ; Auto                ;
; Auto Clock Enable Replacement                                              ; On                  ; On                  ;
; Strict RAM Replacement                                                     ; Off                 ; Off                 ;
; Allow Synchronous Control Signals                                          ; On                  ; On                  ;
; Force Use of Synchronous Clear Signals                                     ; Off                 ; Off                 ;
; Auto RAM to Logic Cell Conversion                                          ; Off                 ; Off                 ;
; Auto Resource Sharing                                                      ; Off                 ; Off                 ;
; Allow Any RAM Size For Recognition                                         ; Off                 ; Off                 ;
; Allow Any ROM Size For Recognition                                         ; Off                 ; Off                 ;
; Allow Any Shift Register Size For Recognition                              ; Off                 ; Off                 ;
; Use LogicLock Constraints during Resource Balancing                        ; On                  ; On                  ;
; Ignore translate_off and synthesis_off directives                          ; Off                 ; Off                 ;
; Timing-Driven Synthesis                                                    ; Off                 ; Off                 ;
; Report Parameter Settings                                                  ; On                  ; On                  ;
; Report Source Assignments                                                  ; On                  ; On                  ;
; Report Connectivity Checks                                                 ; On                  ; On                  ;
; Ignore Maximum Fan-Out Assignments                                         ; Off                 ; Off                 ;
; Synchronization Register Chain Length                                      ; 2                   ; 2                   ;
; PowerPlay Power Optimization                                               ; Normal compilation  ; Normal compilation  ;
; HDL message level                                                          ; Level2              ; Level2              ;
; Suppress Register Optimization Related Messages                            ; Off                 ; Off                 ;
; Number of Removed Registers Reported in Synthesis Report                   ; 5000                ; 5000                ;
; Number of Swept Nodes Reported in Synthesis Report                         ; 5000                ; 5000                ;
; Number of Inverted Registers Reported in Synthesis Report                  ; 100                 ; 100                 ;
; Clock MUX Protection                                                       ; On                  ; On                  ;
; Auto Gated Clock Conversion                                                ; Off                 ; Off                 ;
; Block Design Naming                                                        ; Auto                ; Auto                ;
; SDC constraint protection                                                  ; Off                 ; Off                 ;
; Synthesis Effort                                                           ; Auto                ; Auto                ;
; Shift Register Replacement - Allow Asynchronous Clear Signal               ; On                  ; On                  ;
; Pre-Mapping Resynthesis Optimization                                       ; Off                 ; Off                 ;
; Analysis & Synthesis Message Level                                         ; Medium              ; Medium              ;
; Disable Register Merging Across Hierarchies                                ; Auto                ; Auto                ;
; Resource Aware Inference For Block RAM                                     ; On                  ; On                  ;
; Synthesis Seed                                                             ; 1                   ; 1                   ;
+----------------------------------------------------------------------------+---------------------+---------------------+


Parallel compilation was disabled, but you have multiple processors available. Enable parallel compilation to reduce compilation time.
+-------------------------------------+
; Parallel Compilation                ;
+----------------------------+--------+
; Processors                 ; Number ;
+----------------------------+--------+
; Number detected on machine ; 16     ;
; Maximum allowed            ; 1      ;
+----------------------------+--------+


+-------------------------------------------------------------------------------------------------------------------------------------------------------------------+
; Analysis & Synthesis Source Files Read                                                                                                                            ;
+----------------------------------+-----------------+------------------------------------+---------------------------------------------------------------+---------+
; File Name with User-Entered Path ; Used in Netlist ; File Type                          ; File Name with Absolute Path                                  ; Library ;
+----------------------------------+-----------------+------------------------------------+---------------------------------------------------------------+---------+
; general-purpose-ALU.bdf          ; yes             ; User Block Diagram/Schematic File  ; C:/Users/vikra/Downloads/github final/general-purpose-ALU.bdf ;         ;
; seg7.vhd                         ; yes             ; User VHDL File                     ; C:/Users/vikra/Downloads/github final/seg7.vhd                ;         ;
; latches.vhd                      ; yes             ; User VHDL File                     ; C:/Users/vikra/Downloads/github final/latches.vhd             ;         ;
; FSM.vhd                          ; yes             ; User VHDL File                     ; C:/Users/vikra/Downloads/github final/FSM.vhd                 ;         ;
; Decoder.vhd                      ; yes             ; User VHDL File                     ; C:/Users/vikra/Downloads/github final/Decoder.vhd             ;         ;
; ALU.vhd                          ; yes             ; User VHDL File                     ; C:/Users/vikra/Downloads/github final/ALU.vhd                 ;         ;
+----------------------------------+-----------------+------------------------------------+---------------------------------------------------------------+---------+


+--------------------------------------------------------------------------+
; Analysis & Synthesis Resource Usage Summary                              ;
+---------------------------------------------+----------------------------+
; Resource                                    ; Usage                      ;
+---------------------------------------------+----------------------------+
; Estimated Total logic elements              ; 143                        ;
;                                             ;                            ;
; Total combinational functions               ; 120                        ;
; Logic element usage by number of LUT inputs ;                            ;
;     -- 4 input functions                    ; 72                         ;
;     -- 3 input functions                    ; 34                         ;
;     -- <=2 input functions                  ; 14                         ;
;                                             ;                            ;
; Logic elements by mode                      ;                            ;
;     -- normal mode                          ; 99                         ;
;     -- arithmetic mode                      ; 21                         ;
;                                             ;                            ;
; Total registers                             ; 37                         ;
;     -- Dedicated logic registers            ; 37                         ;
;     -- I/O registers                        ; 0                          ;
;                                             ;                            ;
; I/O pins                                    ; 71                         ;
; Embedded Multiplier 9-bit elements          ; 0                          ;
; Maximum fan-out node                        ; FSM:inst4|current_state[1] ;
; Maximum fan-out                             ; 40                         ;
; Total fan-out                               ; 585                        ;
; Average fan-out                             ; 2.57                       ;
+---------------------------------------------+----------------------------+


+--------------------------------------------------------------------------------------------------------------------------------------------------------------------------------------------+
; Analysis & Synthesis Resource Utilization by Entity                                                                                                                                        ;
+----------------------------+-------------------+--------------+-------------+--------------+---------+-----------+------+--------------+------------------------------------+--------------+
; Compilation Hierarchy Node ; LC Combinationals ; LC Registers ; Memory Bits ; DSP Elements ; DSP 9x9 ; DSP 18x18 ; Pins ; Virtual Pins ; Full Hierarchy Name                ; Library Name ;
+----------------------------+-------------------+--------------+-------------+--------------+---------+-----------+------+--------------+------------------------------------+--------------+
; |general-purpose-ALU       ; 120 (0)           ; 37 (0)       ; 0           ; 0            ; 0       ; 0         ; 71   ; 0            ; |general-purpose-ALU               ; work         ;
;    |ALU:inst|              ; 69 (69)           ; 9 (9)        ; 0           ; 0            ; 0       ; 0         ; 0    ; 0            ; |general-purpose-ALU|ALU:inst      ; work         ;
;    |Decoder:inst9|         ; 16 (16)           ; 0 (0)        ; 0           ; 0            ; 0       ; 0         ; 0    ; 0            ; |general-purpose-ALU|Decoder:inst9 ; work         ;
;    |FSM:inst4|             ; 7 (7)             ; 12 (12)      ; 0           ; 0            ; 0       ; 0         ; 0    ; 0            ; |general-purpose-ALU|FSM:inst4     ; work         ;
;    |latches:inst2|         ; 0 (0)             ; 8 (8)        ; 0           ; 0            ; 0       ; 0         ; 0    ; 0            ; |general-purpose-ALU|latches:inst2 ; work         ;
;    |latches:inst3|         ; 0 (0)             ; 8 (8)        ; 0           ; 0            ; 0       ; 0         ; 0    ; 0            ; |general-purpose-ALU|latches:inst3 ; work         ;
;    |seg7:inst1|            ; 7 (7)             ; 0 (0)        ; 0           ; 0            ; 0       ; 0         ; 0    ; 0            ; |general-purpose-ALU|seg7:inst1    ; work         ;
;    |seg7:inst6|            ; 16 (16)           ; 0 (0)        ; 0           ; 0            ; 0       ; 0         ; 0    ; 0            ; |general-purpose-ALU|seg7:inst6    ; work         ;
;    |seg7:inst7|            ; 5 (5)             ; 0 (0)        ; 0           ; 0            ; 0       ; 0         ; 0    ; 0            ; |general-purpose-ALU|seg7:inst7    ; work         ;
+----------------------------+-------------------+--------------+-------------+--------------+---------+-----------+------+--------------+------------------------------------+--------------+
Note: For table entries with two numbers listed, the numbers in parentheses indicate the number of resources of the given type used by the specific entity alone. The numbers listed outside of parentheses indicate the total resources of the given type used by the specific entity and all of its sub-entities in the hierarchy.


Encoding Type:  One-Hot
+---------------------------------------------------------------------------------------------------+
; State Machine - |general-purpose-ALU|FSM:inst4|yfsm                                               ;
+---------+---------+---------+---------+---------+---------+---------+---------+---------+---------+
; Name    ; yfsm.s8 ; yfsm.s7 ; yfsm.s6 ; yfsm.s5 ; yfsm.s4 ; yfsm.s3 ; yfsm.s2 ; yfsm.s1 ; yfsm.s0 ;
+---------+---------+---------+---------+---------+---------+---------+---------+---------+---------+
; yfsm.s0 ; 0       ; 0       ; 0       ; 0       ; 0       ; 0       ; 0       ; 0       ; 0       ;
; yfsm.s1 ; 0       ; 0       ; 0       ; 0       ; 0       ; 0       ; 0       ; 1       ; 1       ;
; yfsm.s2 ; 0       ; 0       ; 0       ; 0       ; 0       ; 0       ; 1       ; 0       ; 1       ;
; yfsm.s3 ; 0       ; 0       ; 0       ; 0       ; 0       ; 1       ; 0       ; 0       ; 1       ;
; yfsm.s4 ; 0       ; 0       ; 0       ; 0       ; 1       ; 0       ; 0       ; 0       ; 1       ;
; yfsm.s5 ; 0       ; 0       ; 0       ; 1       ; 0       ; 0       ; 0       ; 0       ; 1       ;
; yfsm.s6 ; 0       ; 0       ; 1       ; 0       ; 0       ; 0       ; 0       ; 0       ; 1       ;
; yfsm.s7 ; 0       ; 1       ; 0       ; 0       ; 0       ; 0       ; 0       ; 0       ; 1       ;
; yfsm.s8 ; 1       ; 0       ; 0       ; 0       ; 0       ; 0       ; 0       ; 0       ; 1       ;
+---------+---------+---------+---------+---------+---------+---------+---------+---------+---------+


+--------------------------------------------------------------------------------+
; Registers Removed During Synthesis                                             ;
+---------------------------------------+----------------------------------------+
; Register name                         ; Reason for Removal                     ;
+---------------------------------------+----------------------------------------+
; FSM:inst4|yfsm.s8                     ; Merged with FSM:inst4|current_state[3] ;
; Total Number of Removed Registers = 1 ;                                        ;
+---------------------------------------+----------------------------------------+


+------------------------------------------------------+
; General Register Statistics                          ;
+----------------------------------------------+-------+
; Statistic                                    ; Value ;
+----------------------------------------------+-------+
; Total registers                              ; 37    ;
; Number of registers using Synchronous Clear  ; 7     ;
; Number of registers using Synchronous Load   ; 7     ;
; Number of registers using Asynchronous Clear ; 28    ;
; Number of registers using Asynchronous Load  ; 0     ;
; Number of registers using Clock Enable       ; 0     ;
; Number of registers using Preset             ; 0     ;
+----------------------------------------------+-------+


+-------------------------------------------------------------------------------------------------------------------------------------------------------+
; Multiplexer Restructuring Statistics (Restructuring Performed)                                                                                        ;
+--------------------+-----------+---------------+----------------------+------------------------+------------+-----------------------------------------+
; Multiplexer Inputs ; Bus Width ; Baseline Area ; Area if Restructured ; Saving if Restructured ; Registered ; Example Multiplexer Output              ;
+--------------------+-----------+---------------+----------------------+------------------------+------------+-----------------------------------------+
; 16:1               ; 7 bits    ; 70 LEs        ; 42 LEs               ; 28 LEs                 ; Yes        ; |general-purpose-ALU|ALU:inst|Result[7] ;
+--------------------+-----------+---------------+----------------------+------------------------+------------+-----------------------------------------+


+-------------------------------+
; Elapsed Time Per Partition    ;
+----------------+--------------+
; Partition Name ; Elapsed Time ;
+----------------+--------------+
; Top            ; 00:00:00     ;
+----------------+--------------+


+-------------------------------+
; Analysis & Synthesis Messages ;
+-------------------------------+
Info: *******************************************************************
Info: Running Quartus II 64-Bit Analysis & Synthesis
    Info: Version 13.0.1 Build 232 06/12/2013 Service Pack 1 SJ Web Edition
    Info: Processing started: Sat Jun 22 09:51:21 2024
Info: Command: quartus_map --read_settings_files=on --write_settings_files=off general-purpose-ALU -c general-purpose-ALU
Warning (20028): Parallel compilation is not licensed and has been disabled
Info (12021): Found 1 design units, including 1 entities, in source file general-purpose-alu.bdf
    Info (12023): Found entity 1: general-purpose-ALU
Info (12021): Found 2 design units, including 1 entities, in source file seg7.vhd
    Info (12022): Found design unit 1: seg7-Behavior
    Info (12023): Found entity 1: seg7
Info (12021): Found 2 design units, including 1 entities, in source file latches.vhd
    Info (12022): Found design unit 1: latches-Behaviour
    Info (12023): Found entity 1: latches
Info (12021): Found 2 design units, including 1 entities, in source file fsm.vhd
    Info (12022): Found design unit 1: FSM-fsm
    Info (12023): Found entity 1: FSM
Info (12021): Found 2 design units, including 1 entities, in source file decoder.vhd
    Info (12022): Found design unit 1: Decoder-Behavior
    Info (12023): Found entity 1: Decoder
Info (12021): Found 2 design units, including 1 entities, in source file alu.vhd
    Info (12022): Found design unit 1: ALU-calculation
    Info (12023): Found entity 1: ALU
Info (12127): Elaborating entity "general-purpose-ALU" for the top level hierarchy
Warning (275083): Bus "leds2[0..6]" found using same base name as "leds", which might lead to a name conflict.
Warning (275080): Converted elements in bus name "leds" using legacy naming rules. Make any assignments on the new names, not on the original names.
    Warning (275081): Converted element name(s) from "leds[0..6]" to "leds0..6"
Warning (275080): Converted elements in bus name "leds2" using legacy naming rules. Make any assignments on the new names, not on the original names.
    Warning (275081): Converted element name(s) from "leds2[0..6]" to "leds20..6"
Warning (275083): Bus "leds2[0..6]" found using same base name as "leds", which might lead to a name conflict.
Warning (275080): Converted elements in bus name "leds" using legacy naming rules. Make any assignments on the new names, not on the original names.
    Warning (275081): Converted element name(s) from "leds[0..6]" to "leds0..6"
Warning (275080): Converted elements in bus name "leds2" using legacy naming rules. Make any assignments on the new names, not on the original names.
    Warning (275081): Converted element name(s) from "leds2[0..6]" to "leds20..6"
Warning (275083): Bus "leds2[0..6]" found using same base name as "leds", which might lead to a name conflict.
Warning (275080): Converted elements in bus name "leds" using legacy naming rules. Make any assignments on the new names, not on the original names.
    Warning (275081): Converted element name(s) from "leds[0..6]" to "leds0..6"
Warning (275080): Converted elements in bus name "leds2" using legacy naming rules. Make any assignments on the new names, not on the original names.
    Warning (275081): Converted element name(s) from "leds2[0..6]" to "leds20..6"
Warning (275008): Primitive "GND" of instance "inst11" not used
Warning (275008): Primitive "GND" of instance "inst12" not used
Info (12128): Elaborating entity "ALU" for hierarchy "ALU:inst"
Info (12128): Elaborating entity "latches" for hierarchy "latches:inst2"
Info (12128): Elaborating entity "Decoder" for hierarchy "Decoder:inst9"
Info (12128): Elaborating entity "FSM" for hierarchy "FSM:inst4"
Info (12128): Elaborating entity "seg7" for hierarchy "seg7:inst1"
Warning (10631): VHDL Process Statement warning at seg7.vhd(13): inferring latch(es) for signal or variable "leds2", which holds its previous value in one or more paths through the process
Warning (10631): VHDL Process Statement warning at seg7.vhd(13): inferring latch(es) for signal or variable "leds", which holds its previous value in one or more paths through the process
Info (10041): Inferred latch for "leds[6]" at seg7.vhd(13)
Info (10041): Inferred latch for "leds[5]" at seg7.vhd(13)
Info (10041): Inferred latch for "leds[4]" at seg7.vhd(13)
Info (10041): Inferred latch for "leds[3]" at seg7.vhd(13)
Info (10041): Inferred latch for "leds[2]" at seg7.vhd(13)
Info (10041): Inferred latch for "leds[1]" at seg7.vhd(13)
Info (10041): Inferred latch for "leds[0]" at seg7.vhd(13)
Info (10041): Inferred latch for "leds2[6]" at seg7.vhd(13)
Info (10041): Inferred latch for "leds2[5]" at seg7.vhd(13)
Info (10041): Inferred latch for "leds2[4]" at seg7.vhd(13)
Info (10041): Inferred latch for "leds2[3]" at seg7.vhd(13)
Info (10041): Inferred latch for "leds2[2]" at seg7.vhd(13)
Info (10041): Inferred latch for "leds2[1]" at seg7.vhd(13)
Info (10041): Inferred latch for "leds2[0]" at seg7.vhd(13)
Warning (13024): Output pins are stuck at VCC or GND
    Warning (13410): Pin "sign[0]" is stuck at VCC
    Warning (13410): Pin "sign[1]" is stuck at VCC
    Warning (13410): Pin "sign[2]" is stuck at VCC
    Warning (13410): Pin "sign[3]" is stuck at VCC
    Warning (13410): Pin "sign[4]" is stuck at VCC
    Warning (13410): Pin "sign[5]" is stuck at VCC
    Warning (13410): Pin "student_id_LED[2]" is stuck at GND
Info (16010): Generating hard_block partition "hard_block:auto_generated_inst"
    Info (16011): Adding 0 node(s), including 0 DDIO, 0 PLL, 0 transceiver and 0 LCELL
Info (21057): Implemented 214 device resources after synthesis - the final resource count might be different
    Info (21058): Implemented 18 input pins
    Info (21059): Implemented 53 output pins
    Info (21061): Implemented 143 logic cells
Info: Quartus II 64-Bit Analysis & Synthesis was successful. 0 errors, 28 warnings
    Info: Peak virtual memory: 4638 megabytes
    Info: Processing ended: Sat Jun 22 09:51:23 2024
    Info: Elapsed time: 00:00:02
    Info: Total CPU time (on all processors): 00:00:01


